2024-02-24 07:00:44,480 [Worker-4: Loading available Gradle versions] INFO  o.e.b.c.i.u.g.PublishedGradleVersions - Gradle version information cache is up-to-date. Trying to read.
2024-02-24 07:01:25,982 [Worker-1: Building] INFO  o.e.m.c.i.l.LifecycleMappingFactory - Using org.eclipse.m2e.jdt.JarLifecycleMapping lifecycle mapping for MavenProject: com.knowit:industrial_project_springboot:0.0.1-SNAPSHOT @ C:\Users\prati\OneDrive\Desktop\final_cdac_pro\spring boot rest\event_booking_springboot\event_booking_springboot\pom.xml.
2024-02-24 07:01:37,010 [Worker-1: Building] INFO  o.e.m.c.i.embedder.EclipseLogger - Using 'UTF-8' encoding to copy filtered resources.
2024-02-24 07:01:37,011 [Worker-1: Building] INFO  o.e.m.c.i.embedder.EclipseLogger - Using 'UTF-8' encoding to copy filtered properties files.
2024-02-24 07:01:37,019 [Worker-1: Building] INFO  o.e.m.c.i.embedder.EclipseLogger - Copying 1 resource
2024-02-24 07:01:37,042 [Worker-1: Building] INFO  o.e.m.c.i.embedder.EclipseLogger - Copying 0 resource
2024-02-24 07:01:37,049 [Worker-1: Building] INFO  o.e.m.c.i.embedder.EclipseLogger - Using 'UTF-8' encoding to copy filtered resources.
2024-02-24 07:01:37,050 [Worker-1: Building] INFO  o.e.m.c.i.embedder.EclipseLogger - Using 'UTF-8' encoding to copy filtered properties files.
2024-02-24 07:01:37,050 [Worker-1: Building] INFO  o.e.m.c.i.embedder.EclipseLogger - skip non existing resourceDirectory C:\Users\prati\OneDrive\Desktop\final_cdac_pro\spring boot rest\event_booking_springboot\event_booking_springboot\src\test\resources
2024-02-24 07:02:38,057 [Worker-25: Building] INFO  o.e.m.c.i.embedder.EclipseLogger - Using 'UTF-8' encoding to copy filtered resources.
2024-02-24 07:02:38,057 [Worker-25: Building] INFO  o.e.m.c.i.embedder.EclipseLogger - Using 'UTF-8' encoding to copy filtered properties files.
2024-02-24 07:02:38,060 [Worker-25: Building] INFO  o.e.m.c.i.embedder.EclipseLogger - Copying 0 resource
2024-02-24 07:02:38,062 [Worker-25: Building] INFO  o.e.m.c.i.embedder.EclipseLogger - Copying 0 resource
2024-02-24 07:02:38,066 [Worker-25: Building] INFO  o.e.m.c.i.embedder.EclipseLogger - Using 'UTF-8' encoding to copy filtered resources.
2024-02-24 07:02:38,067 [Worker-25: Building] INFO  o.e.m.c.i.embedder.EclipseLogger - Using 'UTF-8' encoding to copy filtered properties files.
2024-02-24 07:02:38,067 [Worker-25: Building] INFO  o.e.m.c.i.embedder.EclipseLogger - skip non existing resourceDirectory C:\Users\prati\OneDrive\Desktop\final_cdac_pro\spring boot rest\event_booking_springboot\event_booking_springboot\src\test\resources
2024-02-24 07:03:25,314 [Worker-6: Building] INFO  o.e.m.c.i.embedder.EclipseLogger - Using 'UTF-8' encoding to copy filtered resources.
2024-02-24 07:03:25,314 [Worker-6: Building] INFO  o.e.m.c.i.embedder.EclipseLogger - Using 'UTF-8' encoding to copy filtered properties files.
2024-02-24 07:03:25,315 [Worker-6: Building] INFO  o.e.m.c.i.embedder.EclipseLogger - Copying 1 resource
2024-02-24 07:03:25,320 [Worker-6: Building] INFO  o.e.m.c.i.embedder.EclipseLogger - Copying 0 resource
2024-02-24 07:03:25,328 [Worker-6: Building] INFO  o.e.m.c.i.embedder.EclipseLogger - Using 'UTF-8' encoding to copy filtered resources.
2024-02-24 07:03:25,328 [Worker-6: Building] INFO  o.e.m.c.i.embedder.EclipseLogger - Using 'UTF-8' encoding to copy filtered properties files.
2024-02-24 07:03:25,328 [Worker-6: Building] INFO  o.e.m.c.i.embedder.EclipseLogger - skip non existing resourceDirectory C:\Users\prati\OneDrive\Desktop\final_cdac_pro\spring boot rest\event_booking_springboot\event_booking_springboot\src\test\resources
2024-02-24 07:04:56,993 [Worker-11: Launching Event_Booking_springboot - EBSpringbootApplication] INFO  o.e.m.c.i.embedder.EclipseLogger - Using 'UTF-8' encoding to copy filtered resources.
2024-02-24 07:04:56,994 [Worker-11: Launching Event_Booking_springboot - EBSpringbootApplication] INFO  o.e.m.c.i.embedder.EclipseLogger - Using 'UTF-8' encoding to copy filtered properties files.
2024-02-24 07:04:56,995 [Worker-11: Launching Event_Booking_springboot - EBSpringbootApplication] INFO  o.e.m.c.i.embedder.EclipseLogger - Copying 1 resource
2024-02-24 07:04:57,045 [Worker-11: Launching Event_Booking_springboot - EBSpringbootApplication] INFO  o.e.m.c.i.embedder.EclipseLogger - Copying 0 resource
2024-02-24 07:04:57,058 [Worker-11: Launching Event_Booking_springboot - EBSpringbootApplication] INFO  o.e.m.c.i.embedder.EclipseLogger - Using 'UTF-8' encoding to copy filtered resources.
2024-02-24 07:04:57,059 [Worker-11: Launching Event_Booking_springboot - EBSpringbootApplication] INFO  o.e.m.c.i.embedder.EclipseLogger - Using 'UTF-8' encoding to copy filtered properties files.
2024-02-24 07:04:57,059 [Worker-11: Launching Event_Booking_springboot - EBSpringbootApplication] INFO  o.e.m.c.i.embedder.EclipseLogger - skip non existing resourceDirectory C:\Users\prati\OneDrive\Desktop\final_cdac_pro\spring boot rest\event_booking_springboot\event_booking_springboot\src\test\resources
2024-02-24 08:20:00,337 [Start Help Server] INFO  org.eclipse.jetty.server.Server - jetty-10.0.15; built: 2023-04-11T17:25:14.480Z; git: 68017dbd00236bb7e187330d7585a059610f661d; jvm 17.0.8.1+1
2024-02-24 08:20:00,398 [Start Help Server] INFO  o.e.j.s.s.DefaultSessionIdManager - Session workerName=node0
2024-02-24 08:20:00,462 [Start Help Server] INFO  o.e.j.server.handler.ContextHandler - Started o.e.j.s.ServletContextHandler@2ae00458{/help,null,AVAILABLE}
2024-02-24 08:20:00,518 [Start Help Server] INFO  o.e.jetty.server.AbstractConnector - Started ServerConnector@27959c91{HTTP/1.1, (http/1.1)}{127.0.0.1:62034}
2024-02-24 08:20:00,528 [Start Help Server] INFO  org.eclipse.jetty.server.Server - Started Server@658d3707{STARTING}[10.0.15,sto=0] @4816209ms
2024-02-24 08:23:15,360 [Worker-44: Building] INFO  o.e.m.c.i.embedder.EclipseLogger - Using 'UTF-8' encoding to copy filtered resources.
2024-02-24 08:23:15,361 [Worker-44: Building] INFO  o.e.m.c.i.embedder.EclipseLogger - Using 'UTF-8' encoding to copy filtered properties files.
2024-02-24 08:23:15,365 [Worker-44: Building] INFO  o.e.m.c.i.embedder.EclipseLogger - Copying 1 resource
2024-02-24 08:23:15,494 [Worker-44: Building] INFO  o.e.m.c.i.embedder.EclipseLogger - Copying 0 resource
2024-02-24 08:23:15,514 [Worker-44: Building] INFO  o.e.m.c.i.embedder.EclipseLogger - Using 'UTF-8' encoding to copy filtered resources.
2024-02-24 08:23:15,515 [Worker-44: Building] INFO  o.e.m.c.i.embedder.EclipseLogger - Using 'UTF-8' encoding to copy filtered properties files.
2024-02-24 08:23:15,515 [Worker-44: Building] INFO  o.e.m.c.i.embedder.EclipseLogger - skip non existing resourceDirectory C:\Users\prati\OneDrive\Desktop\final_cdac_pro\spring boot rest\event_booking_springboot\event_booking_springboot\src\test\resources
2024-02-24 08:24:24,539 [Worker-41: Building] INFO  o.e.m.c.i.embedder.EclipseLogger - Using 'UTF-8' encoding to copy filtered resources.
2024-02-24 08:24:24,540 [Worker-41: Building] INFO  o.e.m.c.i.embedder.EclipseLogger - Using 'UTF-8' encoding to copy filtered properties files.
2024-02-24 08:24:24,540 [Worker-41: Building] INFO  o.e.m.c.i.embedder.EclipseLogger - Copying 1 resource
2024-02-24 08:24:24,659 [Worker-41: Building] INFO  o.e.m.c.i.embedder.EclipseLogger - Copying 0 resource
2024-02-24 08:24:24,662 [Worker-41: Building] INFO  o.e.m.c.i.embedder.EclipseLogger - Using 'UTF-8' encoding to copy filtered resources.
2024-02-24 08:24:24,663 [Worker-41: Building] INFO  o.e.m.c.i.embedder.EclipseLogger - Using 'UTF-8' encoding to copy filtered properties files.
2024-02-24 08:24:24,663 [Worker-41: Building] INFO  o.e.m.c.i.embedder.EclipseLogger - skip non existing resourceDirectory C:\Users\prati\OneDrive\Desktop\final_cdac_pro\spring boot rest\event_booking_springboot\event_booking_springboot\src\test\resources
2024-02-24 11:54:04,274 [Worker-66: Building] INFO  o.e.m.c.i.embedder.EclipseLogger - Using 'UTF-8' encoding to copy filtered resources.
2024-02-24 11:54:04,281 [Worker-66: Building] INFO  o.e.m.c.i.embedder.EclipseLogger - Using 'UTF-8' encoding to copy filtered properties files.
2024-02-24 11:54:04,283 [Worker-66: Building] INFO  o.e.m.c.i.embedder.EclipseLogger - Copying 1 resource
2024-02-24 11:54:04,375 [Worker-66: Building] INFO  o.e.m.c.i.embedder.EclipseLogger - Copying 0 resource
2024-02-24 11:54:04,379 [Worker-66: Building] INFO  o.e.m.c.i.embedder.EclipseLogger - Using 'UTF-8' encoding to copy filtered resources.
2024-02-24 11:54:04,380 [Worker-66: Building] INFO  o.e.m.c.i.embedder.EclipseLogger - Using 'UTF-8' encoding to copy filtered properties files.
2024-02-24 11:54:04,380 [Worker-66: Building] INFO  o.e.m.c.i.embedder.EclipseLogger - skip non existing resourceDirectory C:\Users\prati\OneDrive\Desktop\final_cdac_pro\spring boot rest\event_booking_springboot\event_booking_springboot\src\test\resources
2024-02-24 11:55:38,339 [Worker-70: Building] INFO  o.e.m.c.i.embedder.EclipseLogger - Using 'UTF-8' encoding to copy filtered resources.
2024-02-24 11:55:38,339 [Worker-70: Building] INFO  o.e.m.c.i.embedder.EclipseLogger - Using 'UTF-8' encoding to copy filtered properties files.
2024-02-24 11:55:38,341 [Worker-70: Building] INFO  o.e.m.c.i.embedder.EclipseLogger - Copying 1 resource
2024-02-24 11:55:38,404 [Worker-70: Building] INFO  o.e.m.c.i.embedder.EclipseLogger - Copying 0 resource
2024-02-24 11:55:38,410 [Worker-70: Building] INFO  o.e.m.c.i.embedder.EclipseLogger - Using 'UTF-8' encoding to copy filtered resources.
2024-02-24 11:55:38,410 [Worker-70: Building] INFO  o.e.m.c.i.embedder.EclipseLogger - Using 'UTF-8' encoding to copy filtered properties files.
2024-02-24 11:55:38,410 [Worker-70: Building] INFO  o.e.m.c.i.embedder.EclipseLogger - skip non existing resourceDirectory C:\Users\prati\OneDrive\Desktop\final_cdac_pro\spring boot rest\event_booking_springboot\event_booking_springboot\src\test\resources
2024-02-24 11:57:17,885 [Worker-69: Building] INFO  o.e.m.c.i.embedder.EclipseLogger - Using 'UTF-8' encoding to copy filtered resources.
2024-02-24 11:57:17,887 [Worker-69: Building] INFO  o.e.m.c.i.embedder.EclipseLogger - Using 'UTF-8' encoding to copy filtered properties files.
2024-02-24 11:57:17,888 [Worker-69: Building] INFO  o.e.m.c.i.embedder.EclipseLogger - Copying 1 resource
2024-02-24 11:57:18,151 [Worker-69: Building] INFO  o.e.m.c.i.embedder.EclipseLogger - Copying 0 resource
2024-02-24 11:57:18,159 [Worker-69: Building] INFO  o.e.m.c.i.embedder.EclipseLogger - Using 'UTF-8' encoding to copy filtered resources.
2024-02-24 11:57:18,159 [Worker-69: Building] INFO  o.e.m.c.i.embedder.EclipseLogger - Using 'UTF-8' encoding to copy filtered properties files.
2024-02-24 11:57:18,159 [Worker-69: Building] INFO  o.e.m.c.i.embedder.EclipseLogger - skip non existing resourceDirectory C:\Users\prati\OneDrive\Desktop\final_cdac_pro\spring boot rest\event_booking_springboot\event_booking_springboot\src\test\resources
2024-02-24 12:23:51,498 [Worker-75: Building] INFO  o.e.m.c.i.embedder.EclipseLogger - Using 'UTF-8' encoding to copy filtered resources.
2024-02-24 12:23:51,508 [Worker-75: Building] INFO  o.e.m.c.i.embedder.EclipseLogger - Using 'UTF-8' encoding to copy filtered properties files.
2024-02-24 12:23:51,510 [Worker-75: Building] INFO  o.e.m.c.i.embedder.EclipseLogger - Copying 1 resource
2024-02-24 12:23:51,639 [Worker-75: Building] INFO  o.e.m.c.i.embedder.EclipseLogger - Copying 0 resource
2024-02-24 12:23:51,647 [Worker-75: Building] INFO  o.e.m.c.i.embedder.EclipseLogger - Using 'UTF-8' encoding to copy filtered resources.
2024-02-24 12:23:51,647 [Worker-75: Building] INFO  o.e.m.c.i.embedder.EclipseLogger - Using 'UTF-8' encoding to copy filtered properties files.
2024-02-24 12:23:51,647 [Worker-75: Building] INFO  o.e.m.c.i.embedder.EclipseLogger - skip non existing resourceDirectory C:\Users\prati\OneDrive\Desktop\final_cdac_pro\spring boot rest\event_booking_springboot\event_booking_springboot\src\test\resources
2024-02-24 12:31:44,640 [Worker-86: Building] INFO  o.e.m.c.i.embedder.EclipseLogger - Using 'UTF-8' encoding to copy filtered resources.
2024-02-24 12:31:44,667 [Worker-86: Building] INFO  o.e.m.c.i.embedder.EclipseLogger - Using 'UTF-8' encoding to copy filtered properties files.
2024-02-24 12:31:44,670 [Worker-86: Building] INFO  o.e.m.c.i.embedder.EclipseLogger - Copying 1 resource
2024-02-24 12:31:44,752 [Worker-86: Building] INFO  o.e.m.c.i.embedder.EclipseLogger - Copying 0 resource
2024-02-24 12:31:44,795 [Worker-86: Building] INFO  o.e.m.c.i.embedder.EclipseLogger - Using 'UTF-8' encoding to copy filtered resources.
2024-02-24 12:31:44,795 [Worker-86: Building] INFO  o.e.m.c.i.embedder.EclipseLogger - Using 'UTF-8' encoding to copy filtered properties files.
2024-02-24 12:31:44,795 [Worker-86: Building] INFO  o.e.m.c.i.embedder.EclipseLogger - skip non existing resourceDirectory C:\Users\prati\OneDrive\Desktop\final_cdac_pro\spring boot rest\event_booking_springboot\event_booking_springboot\src\test\resources
2024-02-24 12:33:05,183 [Worker-89: Building] INFO  o.e.m.c.i.embedder.EclipseLogger - Using 'UTF-8' encoding to copy filtered resources.
2024-02-24 12:33:05,185 [Worker-89: Building] INFO  o.e.m.c.i.embedder.EclipseLogger - Using 'UTF-8' encoding to copy filtered properties files.
2024-02-24 12:33:05,186 [Worker-89: Building] INFO  o.e.m.c.i.embedder.EclipseLogger - Copying 1 resource
2024-02-24 12:33:05,211 [Worker-89: Building] INFO  o.e.m.c.i.embedder.EclipseLogger - Copying 0 resource
2024-02-24 12:33:05,217 [Worker-89: Building] INFO  o.e.m.c.i.embedder.EclipseLogger - Using 'UTF-8' encoding to copy filtered resources.
2024-02-24 12:33:05,217 [Worker-89: Building] INFO  o.e.m.c.i.embedder.EclipseLogger - Using 'UTF-8' encoding to copy filtered properties files.
2024-02-24 12:33:05,217 [Worker-89: Building] INFO  o.e.m.c.i.embedder.EclipseLogger - skip non existing resourceDirectory C:\Users\prati\OneDrive\Desktop\final_cdac_pro\spring boot rest\event_booking_springboot\event_booking_springboot\src\test\resources
2024-02-24 20:29:55,135 [Stop Help Server] INFO  org.eclipse.jetty.server.Server - Stopped Server@658d3707{STOPPING}[10.0.15,sto=0]
2024-02-24 20:29:55,187 [Stop Help Server] INFO  o.e.jetty.server.AbstractConnector - Stopped ServerConnector@27959c91{HTTP/1.1, (http/1.1)}{127.0.0.1:0}
2024-02-24 20:29:55,255 [Stop Help Server] INFO  o.e.j.server.handler.ContextHandler - Stopped o.e.j.s.ServletContextHandler@2ae00458{/help,null,STOPPED}
2024-02-25 21:09:34,536 [Worker-4: Loading available Gradle versions] INFO  o.e.b.c.i.u.g.PublishedGradleVersions - Gradle version information cache is out-of-date. Trying to update.
2024-02-27 11:03:46,913 [Worker-8: Loading available Gradle versions] INFO  o.e.b.c.i.u.g.PublishedGradleVersions - Gradle version information cache is out-of-date. Trying to update.
